0 info it worked if it ends with ok
1 verbose cli [ 'C:\\Program Files\\nodejs\\node.exe',
1 verbose cli   'C:\\Users\\owner\\AppData\\Roaming\\npm\\node_modules\\npm\\bin\\npm-cli.js',
1 verbose cli   'install',
1 verbose cli   '-g',
1 verbose cli   'ionic' ]
2 info using npm@3.7.1
3 info using node@v4.2.4
4 silly loadCurrentTree Starting
5 silly install loadCurrentTree
6 silly install readGlobalPackageData
7 silly fetchPackageMetaData ionic
8 silly fetchNamedPackageData ionic
9 silly mapToRegistry name ionic
10 silly mapToRegistry using default registry
11 silly mapToRegistry registry https://registry.npmjs.org/
12 silly mapToRegistry uri https://registry.npmjs.org/ionic
13 verbose request uri https://registry.npmjs.org/ionic
14 verbose request no auth needed
15 info attempt registry request try #1 at 10:27:02 AM
16 verbose request using bearer token for auth
17 verbose request id d05a70dbff114e20
18 verbose etag "67N4ZHNF7NWJ26JQUHHB7HR46"
19 http request GET https://registry.npmjs.org/ionic
20 http 200 https://registry.npmjs.org/ionic
21 verbose headers { server: 'nginx/1.10.1',
21 verbose headers   'content-type': 'application/json',
21 verbose headers   'last-modified': 'Mon, 19 Dec 2016 16:59:49 GMT',
21 verbose headers   etag: 'W/"58581205-cbe05"',
21 verbose headers   'content-encoding': 'gzip',
21 verbose headers   'cache-control': 'max-age=300',
21 verbose headers   'transfer-encoding': 'chunked',
21 verbose headers   'accept-ranges': 'bytes',
21 verbose headers   date: 'Tue, 20 Dec 2016 02:27:05 GMT',
21 verbose headers   via: '1.1 varnish',
21 verbose headers   connection: 'keep-alive',
21 verbose headers   'x-served-by': 'cache-sin6927-SIN',
21 verbose headers   'x-cache': 'MISS',
21 verbose headers   'x-cache-hits': '0',
21 verbose headers   'x-timer': 'S1482200825.512319,VS0,VE407',
21 verbose headers   vary: 'Accept-Encoding' }
22 silly get cb [ 200,
22 silly get   { server: 'nginx/1.10.1',
22 silly get     'content-type': 'application/json',
22 silly get     'last-modified': 'Mon, 19 Dec 2016 16:59:49 GMT',
22 silly get     etag: 'W/"58581205-cbe05"',
22 silly get     'content-encoding': 'gzip',
22 silly get     'cache-control': 'max-age=300',
22 silly get     'transfer-encoding': 'chunked',
22 silly get     'accept-ranges': 'bytes',
22 silly get     date: 'Tue, 20 Dec 2016 02:27:05 GMT',
22 silly get     via: '1.1 varnish',
22 silly get     connection: 'keep-alive',
22 silly get     'x-served-by': 'cache-sin6927-SIN',
22 silly get     'x-cache': 'MISS',
22 silly get     'x-cache-hits': '0',
22 silly get     'x-timer': 'S1482200825.512319,VS0,VE407',
22 silly get     vary: 'Accept-Encoding' } ]
23 verbose get saving ionic to C:\Users\owner\AppData\Roaming\npm-cache\registry.npmjs.org\ionic\.cache.json
24 verbose correctMkdir C:\Users\owner\AppData\Roaming\npm-cache correctMkdir not in flight; initializing
25 silly install normalizeTree
26 silly loadCurrentTree Finishing
27 silly loadIdealTree Starting
28 silly install loadIdealTree
29 silly cloneCurrentTree Starting
30 silly install cloneCurrentTreeToIdealTree
31 silly cloneCurrentTree Finishing
32 silly loadShrinkwrap Starting
33 silly install loadShrinkwrap
34 silly loadShrinkwrap Finishing
35 silly loadAllDepsIntoIdealTree Starting
36 silly install loadAllDepsIntoIdealTree
37 silly resolveWithNewModule ionic@2.1.17 checking installable status
38 silly cache add args [ 'ionic', null ]
39 verbose cache add spec ionic
40 silly cache add parsed spec Result {
40 silly cache add   raw: 'ionic',
40 silly cache add   scope: null,
40 silly cache add   name: 'ionic',
40 silly cache add   rawSpec: '',
40 silly cache add   spec: 'latest',
40 silly cache add   type: 'tag' }
41 silly addNamed ionic@latest
42 verbose addNamed "latest" is being treated as a dist-tag for ionic
43 info addNameTag [ 'ionic', 'latest' ]
44 silly mapToRegistry name ionic
45 silly mapToRegistry using default registry
46 silly mapToRegistry registry https://registry.npmjs.org/
47 silly mapToRegistry uri https://registry.npmjs.org/ionic
48 verbose addNameTag registry:https://registry.npmjs.org/ionic not in flight; fetching
49 verbose request uri https://registry.npmjs.org/ionic
50 verbose request no auth needed
51 info attempt registry request try #1 at 10:27:29 AM
52 verbose request using bearer token for auth
53 verbose etag W/"58581205-cbe05"
54 verbose lastModified Mon, 19 Dec 2016 16:59:49 GMT
55 http request GET https://registry.npmjs.org/ionic
56 http 304 https://registry.npmjs.org/ionic
57 verbose headers { server: 'nginx/1.10.1',
57 verbose headers   'last-modified': 'Mon, 19 Dec 2016 16:59:49 GMT',
57 verbose headers   etag: '"58581205-cbe05"',
57 verbose headers   'cache-control': 'max-age=300',
57 verbose headers   'accept-ranges': 'bytes',
57 verbose headers   date: 'Tue, 20 Dec 2016 02:27:30 GMT',
57 verbose headers   via: '1.1 varnish',
57 verbose headers   connection: 'keep-alive',
57 verbose headers   'x-served-by': 'cache-sin6921-SIN',
57 verbose headers   'x-cache': 'MISS',
57 verbose headers   'x-cache-hits': '0',
57 verbose headers   'x-timer': 'S1482200849.974749,VS0,VE196',
57 verbose headers   vary: 'Accept-Encoding' }
58 silly get cb [ 304,
58 silly get   { server: 'nginx/1.10.1',
58 silly get     'last-modified': 'Mon, 19 Dec 2016 16:59:49 GMT',
58 silly get     etag: '"58581205-cbe05"',
58 silly get     'cache-control': 'max-age=300',
58 silly get     'accept-ranges': 'bytes',
58 silly get     date: 'Tue, 20 Dec 2016 02:27:30 GMT',
58 silly get     via: '1.1 varnish',
58 silly get     connection: 'keep-alive',
58 silly get     'x-served-by': 'cache-sin6921-SIN',
58 silly get     'x-cache': 'MISS',
58 silly get     'x-cache-hits': '0',
58 silly get     'x-timer': 'S1482200849.974749,VS0,VE196',
58 silly get     vary: 'Accept-Encoding' } ]
59 verbose etag https://registry.npmjs.org/ionic from cache
60 verbose get saving ionic to C:\Users\owner\AppData\Roaming\npm-cache\registry.npmjs.org\ionic\.cache.json
61 verbose correctMkdir C:\Users\owner\AppData\Roaming\npm-cache correctMkdir not in flight; initializing
62 silly addNameTag next cb for ionic with tag latest
63 silly addNamed ionic@2.1.17
64 verbose addNamed "2.1.17" is a plain semver version for ionic
65 silly mapToRegistry name ionic
66 silly mapToRegistry using default registry
67 silly mapToRegistry registry https://registry.npmjs.org/
68 silly mapToRegistry uri https://registry.npmjs.org/ionic
69 verbose addRemoteTarball https://registry.npmjs.org/ionic/-/ionic-2.1.17.tgz not in flight; adding
70 verbose addRemoteTarball [ 'https://registry.npmjs.org/ionic/-/ionic-2.1.17.tgz',
70 verbose addRemoteTarball   'fdb438846d8dd0c532ff587fd79d2bf1a5895483' ]
71 info retry fetch attempt 1 at 10:27:30 AM
72 info attempt registry request try #1 at 10:27:30 AM
73 http fetch GET https://registry.npmjs.org/ionic/-/ionic-2.1.17.tgz
74 verbose request using bearer token for auth
75 http fetch 200 https://registry.npmjs.org/ionic/-/ionic-2.1.17.tgz
76 info retry will retry, error on last attempt: Error: read ECONNRESET
77 info retry will retry, error on last attempt: Error: read ECONNRESET
78 silly fetchAndShaCheck shasum fdb438846d8dd0c532ff587fd79d2bf1a5895483
79 silly rollbackFailedOptional Starting
80 silly rollbackFailedOptional Finishing
81 silly runTopLevelLifecycles Starting
82 silly runTopLevelLifecycles Finishing
83 silly install printInstalled
84 verbose stack Error: shasum check failed for C:\Users\owner\AppData\Local\Temp\npm-7136-9d6fa102\registry.npmjs.org\ionic\-\ionic-2.1.17.tgz
84 verbose stack Expected: fdb438846d8dd0c532ff587fd79d2bf1a5895483
84 verbose stack Actual:   b93ff0bbb4fe9786918d023b60e38aaf6f5782cd
84 verbose stack From:     https://registry.npmjs.org/ionic/-/ionic-2.1.17.tgz
84 verbose stack     at C:\Users\owner\AppData\Roaming\npm\node_modules\npm\node_modules\sha\index.js:25:8
84 verbose stack     at ReadStream.<anonymous> (C:\Users\owner\AppData\Roaming\npm\node_modules\npm\node_modules\sha\index.js:72:7)
84 verbose stack     at emitNone (events.js:72:20)
84 verbose stack     at ReadStream.emit (events.js:166:7)
84 verbose stack     at endReadableNT (_stream_readable.js:905:12)
84 verbose stack     at doNTCallback2 (node.js:441:9)
84 verbose stack     at process._tickCallback (node.js:355:17)
85 verbose cwd C:\xampp\htdocs\jarijariku\jari2ku
86 error Windows_NT 6.1.7601
87 error argv "C:\\Program Files\\nodejs\\node.exe" "C:\\Users\\owner\\AppData\\Roaming\\npm\\node_modules\\npm\\bin\\npm-cli.js" "install" "-g" "ionic"
88 error node v4.2.4
89 error npm  v3.7.1
90 error shasum check failed for C:\Users\owner\AppData\Local\Temp\npm-7136-9d6fa102\registry.npmjs.org\ionic\-\ionic-2.1.17.tgz
90 error Expected: fdb438846d8dd0c532ff587fd79d2bf1a5895483
90 error Actual:   b93ff0bbb4fe9786918d023b60e38aaf6f5782cd
90 error From:     https://registry.npmjs.org/ionic/-/ionic-2.1.17.tgz
91 error If you need help, you may report this error at:
91 error     <https://github.com/npm/npm/issues>
92 verbose exit [ 1, true ]
